C:\DOWNLOADS\HOMEWORK\COSC3P98\TEMPLATE-3P98-2010\TEMPLATE-3P98-2010\DEBUG\SOURCE.OBJ
C:\DOWNLOADS\HOMEWORK\COSC3P98\TEMPLATE-3P98-2010\TEMPLATE-3P98-2010\DEBUG\VC110.PDB
C:\DOWNLOADS\HOMEWORK\COSC3P98\TEMPLATE-3P98-2010\DEBUG\TEMPLATE-3P98-2010.ILK
C:\DOWNLOADS\HOMEWORK\COSC3P98\TEMPLATE-3P98-2010\DEBUG\TEMPLATE-3P98-2010.EXE
C:\DOWNLOADS\HOMEWORK\COSC3P98\TEMPLATE-3P98-2010\DEBUG\TEMPLATE-3P98-2010.PDB
C:\DOWNLOADS\HOMEWORK\COSC3P98\TEMPLATE-3P98-2010\TEMPLATE-3P98-2010\DEBUG\TEMPLATE-3P98-2010.RES
C:\Downloads\Homework\COSC3P98\Template-3P98-2010\Template-3P98-2010\Debug\Source.obj
C:\Downloads\Homework\COSC3P98\Template-3P98-2010\Template-3P98-2010\Debug\cl.command.1.tlog
C:\Downloads\Homework\COSC3P98\Template-3P98-2010\Template-3P98-2010\Debug\CL.read.1.tlog
C:\Downloads\Homework\COSC3P98\Template-3P98-2010\Template-3P98-2010\Debug\CL.write.1.tlog
C:\Downloads\Homework\COSC3P98\Template-3P98-2010\Template-3P98-2010\Debug\link-cvtres.read.1.tlog
C:\Downloads\Homework\COSC3P98\Template-3P98-2010\Template-3P98-2010\Debug\link-cvtres.write.1.tlog
C:\Downloads\Homework\COSC3P98\Template-3P98-2010\Template-3P98-2010\Debug\link-rc.read.1.tlog
C:\Downloads\Homework\COSC3P98\Template-3P98-2010\Template-3P98-2010\Debug\link-rc.write.1.tlog
C:\Downloads\Homework\COSC3P98\Template-3P98-2010\Template-3P98-2010\Debug\link.command.1.tlog
C:\Downloads\Homework\COSC3P98\Template-3P98-2010\Template-3P98-2010\Debug\link.read.1.tlog
C:\Downloads\Homework\COSC3P98\Template-3P98-2010\Template-3P98-2010\Debug\link.write.1.tlog
C:\Downloads\Homework\COSC3P98\Template-3P98-2010\Template-3P98-2010\Debug\rc.command.1.tlog
C:\Downloads\Homework\COSC3P98\Template-3P98-2010\Template-3P98-2010\Debug\rc.read.1.tlog
C:\Downloads\Homework\COSC3P98\Template-3P98-2010\Template-3P98-2010\Debug\rc.write.1.tlog
C:\Downloads\Homework\COSC3P98\Template-3P98-2010\Template-3P98-2010\Debug\Template-3P98-2010.res
C:\Downloads\Homework\COSC3P98\Template-3P98-2010\Template-3P98-2010\Debug\vc110.idb
C:\Downloads\Homework\COSC3P98\Template-3P98-2010\Template-3P98-2010\Debug\vc110.pdb
C:\Downloads\Homework\COSC3P98\Template-3P98-2010\Debug\Template-3P98-2010.pdb
C:\Downloads\Homework\COSC3P98\Template-3P98-2010\Debug\Template-3P98-2010.exe
C:\Downloads\Homework\COSC3P98\Template-3P98-2010\Debug\Template-3P98-2010.ilk
